<?xml version="1.0" encoding="UTF-8"?>
<testsuite xmlns:xsi="http://www.w3.org/2001/XMLSchema-instance" xsi:noNamespaceSchemaLocation="https://maven.apache.org/surefire/maven-surefire-plugin/xsd/surefire-test-report-3.0.xsd" version="3.0" name="com.moneyfan.integration.BTCUSDTKlinesTest" time="0.31" tests="1" errors="0" skipped="1" failures="0">
  <properties>
[...]
</properties>
  <testcase name="testFetchAndObservify" classname="com.moneyfan.integration.BTCUSDTKlinesTest" time="0.0">
    <skipped type="org.opentest4j.TestAbortedException"><![CDATA[org.opentest4j.TestAbortedException: Unexpected HTTP status: 451
	at org.junit.jupiter.api.Assumptions.abort(Assumptions.java:295)
	at com.moneyfan.integration.BTCUSDTKlinesTest.testFetchAndObservify(BTCUSDTKlinesTest.java:48)
	at java.base/java.lang.reflect.Method.invoke(Method.java:580)
	at java.base/java.util.ArrayList.forEach(ArrayList.java:1596)
	at java.base/java.util.ArrayList.forEach(ArrayList.java:1596)
]]></skipped>
  </testcase>
</testsuite>